[2019-07-10T14:12:56.276] [TRACE] default - GET /favicon.ico
[2019-07-10T14:14:39.471] [TRACE] default - GET /get/data/bid/1
[2019-07-10T14:19:38.552] [DEBUG] default - client connected ac233fc038e8
[2019-07-10T14:20:35.235] [TRACE] default - GET /favicon.ico
[2019-07-10T14:20:38.584] [INFO] default - ID:  ac233fc038e8 SIZE:  19 reciveData---> [{"mac":"C202230001C4","uuid":"FDA50693A4E24FB1AFCFC6EB07647825","name":"","major":20001,"minor":452,"txPower":-59,"battery":0,"rssi":-72,"count":12},{"mac":"C202230001CC","uuid":"FDA50693A4E24FB1AFCFC6EB07647825","name":"","major":20001,"minor":460,"txPower":-59,"battery":0,"rssi":-71,"count":14},{"mac":"C20223000059","uuid":"FDA50693A4E24FB1AFCFC6EB07647825","name":"MiniBeacon_00089","major":20001,"minor":89,"txPower":-59,"battery":100,"rssi":-62,"count":20},{"mac":"C202230001CA","uuid":"FDA50693A4E24FB1AFCFC6EB07647825","name":"MiniBeacon_00458","major":20001,"minor":458,"txPower":-59,"battery":100,"rssi":-64,"count":19},{"mac":"C202230000D2","uuid":"FDA50693A4E24FB1AFCFC6EB07647825","name":"","major":20001,"minor":210,"txPower":-59,"battery":0,"rssi":-73,"count":8},{"mac":"C20223000183","uuid":"FDA50693A4E24FB1AFCFC6EB07647825","name":"MiniBeacon_00387","major":20001,"minor":387,"txPower":-59,"battery":100,"rssi":-61,"count":23},{"mac":"C2022300005B","uuid":"FDA50693A4E24FB1AFCFC6EB07647825","name":"MiniBeacon_00091","major":20001,"minor":91,"txPower":-59,"battery":100,"rssi":-69,"count":16},{"mac":"C20223000058","uuid":"FDA50693A4E24FB1AFCFC6EB07647825","name":"MiniBeacon_00088","major":20001,"minor":88,"txPower":-59,"battery":100,"rssi":-67,"count":11},{"mac":"C2022300018C","uuid":"FDA50693A4E24FB1AFCFC6EB07647825","name":"MiniBeacon_00396","major":20001,"minor":396,"txPower":-59,"battery":100,"rssi":-64,"count":19},{"mac":"C202230000D1","uuid":"FDA50693A4E24FB1AFCFC6EB07647825","name":"","major":20001,"minor":209,"txPower":-59,"battery":0,"rssi":-72,"count":12},{"mac":"C202230000D7","uuid":"FDA50693A4E24FB1AFCFC6EB07647825","name":"","major":20001,"minor":215,"txPower":-59,"battery":0,"rssi":-72,"count":9},{"mac":"C202230001C3","uuid":"FDA50693A4E24FB1AFCFC6EB07647825","name":"MiniBeacon_00451","major":20001,"minor":451,"txPower":-59,"battery":100,"rssi":-73,"count":8},{"mac":"C2022300017D","uuid":"FDA50693A4E24FB1AFCFC6EB07647825","name":"MiniBeacon_00381","major":20001,"minor":381,"txPower":-59,"battery":100,"rssi":-63,"count":22},{"mac":"C202230001C8","uuid":"FDA50693A4E24FB1AFCFC6EB07647825","name":"","major":20001,"minor":456,"txPower":-59,"battery":0,"rssi":-71,"count":12},{"mac":"C2022300033B","uuid":"FDA50693A4E24FB1AFCFC6EB07647825","name":"","major":20001,"minor":827,"txPower":-59,"battery":0,"rssi":-75,"count":1},{"mac":"C2022300033A","uuid":"FDA50693A4E24FB1AFCFC6EB07647825","name":"","major":20001,"minor":826,"txPower":-59,"battery":0,"rssi":-80,"count":1},{"mac":"C202230001CB","uuid":"FDA50693A4E24FB1AFCFC6EB07647825","name":"","major":20001,"minor":459,"txPower":-59,"battery":0,"rssi":-78,"count":1},{"mac":"C20223000184","uuid":"FDA50693A4E24FB1AFCFC6EB07647825","name":"","major":20001,"minor":388,"txPower":-59,"battery":0,"rssi":-78,"count":1},{"mac":"C2022300005C","uuid":"FDA50693A4E24FB1AFCFC6EB07647825","name":"","major":20001,"minor":92,"txPower":-59,"battery":0,"rssi":-77,"count":1}]
[2019-07-10T14:21:08.586] [INFO] default - ID:  ac233fc038e8 SIZE:  18 reciveData---> [{"mac":"C202230001C4","uuid":"FDA50693A4E24FB1AFCFC6EB07647825","name":"","major":20001,"minor":452,"txPower":-59,"battery":0,"rssi":-72,"count":9},{"mac":"C202230001C8","uuid":"FDA50693A4E24FB1AFCFC6EB07647825","name":"MiniBeacon_00456","major":20001,"minor":456,"txPower":-59,"battery":100,"rssi":-72,"count":10},{"mac":"C20223000183","uuid":"FDA50693A4E24FB1AFCFC6EB07647825","name":"MiniBeacon_00387","major":20001,"minor":387,"txPower":-59,"battery":100,"rssi":-61,"count":24},{"mac":"C2022300005B","uuid":"FDA50693A4E24FB1AFCFC6EB07647825","name":"MiniBeacon_00091","major":20001,"minor":91,"txPower":-59,"battery":100,"rssi":-71,"count":9},{"mac":"C202230000D7","uuid":"FDA50693A4E24FB1AFCFC6EB07647825","name":"","major":20001,"minor":215,"txPower":-59,"battery":0,"rssi":-71,"count":9},{"mac":"C20223000059","uuid":"FDA50693A4E24FB1AFCFC6EB07647825","name":"MiniBeacon_00089","major":20001,"minor":89,"txPower":-59,"battery":100,"rssi":-65,"count":23},{"mac":"C20223000058","uuid":"FDA50693A4E24FB1AFCFC6EB07647825","name":"MiniBeacon_00088","major":20001,"minor":88,"txPower":-59,"battery":100,"rssi":-64,"count":11},{"mac":"C2022300018C","uuid":"FDA50693A4E24FB1AFCFC6EB07647825","name":"MiniBeacon_00396","major":20001,"minor":396,"txPower":-59,"battery":100,"rssi":-63,"count":20},{"mac":"C2022300017D","uuid":"FDA50693A4E24FB1AFCFC6EB07647825","name":"MiniBeacon_00381","major":20001,"minor":381,"txPower":-59,"battery":100,"rssi":-62,"count":20},{"mac":"C202230001CC","uuid":"FDA50693A4E24FB1AFCFC6EB07647825","name":"","major":20001,"minor":460,"txPower":-59,"battery":0,"rssi":-70,"count":10},{"mac":"C202230000D1","uuid":"FDA50693A4E24FB1AFCFC6EB07647825","name":"","major":20001,"minor":209,"txPower":-59,"battery":0,"rssi":-74,"count":12},{"mac":"C202230001C3","uuid":"FDA50693A4E24FB1AFCFC6EB07647825","name":"MiniBeacon_00451","major":20001,"minor":451,"txPower":-59,"battery":100,"rssi":-73,"count":7},{"mac":"C202230001CA","uuid":"FDA50693A4E24FB1AFCFC6EB07647825","name":"MiniBeacon_00458","major":20001,"minor":458,"txPower":-59,"battery":100,"rssi":-64,"count":16},{"mac":"C2022300033B","uuid":"FDA50693A4E24FB1AFCFC6EB07647825","name":"","major":20001,"minor":827,"txPower":-59,"battery":0,"rssi":-73,"count":7},{"mac":"C202230000D2","uuid":"FDA50693A4E24FB1AFCFC6EB07647825","name":"","major":20001,"minor":210,"txPower":-59,"battery":0,"rssi":-72,"count":3},{"mac":"C202230001CB","uuid":"FDA50693A4E24FB1AFCFC6EB07647825","name":"","major":20001,"minor":459,"txPower":-59,"battery":0,"rssi":-76,"count":3},{"mac":"C202230000DA","uuid":"FDA50693A4E24FB1AFCFC6EB07647825","name":"","major":20001,"minor":218,"txPower":-59,"battery":0,"rssi":-74,"count":2},{"mac":"C20223000184","uuid":"FDA50693A4E24FB1AFCFC6EB07647825","name":"","major":20001,"minor":388,"txPower":-59,"battery":0,"rssi":-75,"count":4}]
[2019-07-10T14:21:38.579] [INFO] default - ID:  ac233fc038e8 SIZE:  18 reciveData---> [{"mac":"C2022300018C","uuid":"FDA50693A4E24FB1AFCFC6EB07647825","name":"MiniBeacon_00396","major":20001,"minor":396,"txPower":-59,"battery":100,"rssi":-65,"count":23},{"mac":"C2022300033B","uuid":"FDA50693A4E24FB1AFCFC6EB07647825","name":"","major":20001,"minor":827,"txPower":-59,"battery":0,"rssi":-73,"count":7},{"mac":"C202230001C8","uuid":"FDA50693A4E24FB1AFCFC6EB07647825","name":"MiniBeacon_00456","major":20001,"minor":456,"txPower":-59,"battery":100,"rssi":-71,"count":12},{"mac":"C20223000183","uuid":"FDA50693A4E24FB1AFCFC6EB07647825","name":"MiniBeacon_00387","major":20001,"minor":387,"txPower":-59,"battery":100,"rssi":-59,"count":21},{"mac":"C2022300005B","uuid":"FDA50693A4E24FB1AFCFC6EB07647825","name":"MiniBeacon_00091","major":20001,"minor":91,"txPower":-59,"battery":100,"rssi":-68,"count":10},{"mac":"C2022300017D","uuid":"FDA50693A4E24FB1AFCFC6EB07647825","name":"MiniBeacon_00381","major":20001,"minor":381,"txPower":-59,"battery":100,"rssi":-61,"count":24},{"mac":"C20223000059","uuid":"FDA50693A4E24FB1AFCFC6EB07647825","name":"MiniBeacon_00089","major":20001,"minor":89,"txPower":-59,"battery":100,"rssi":-64,"count":24},{"mac":"C202230001CA","uuid":"FDA50693A4E24FB1AFCFC6EB07647825","name":"MiniBeacon_00458","major":20001,"minor":458,"txPower":-59,"battery":100,"rssi":-64,"count":18},{"mac":"C20223000058","uuid":"FDA50693A4E24FB1AFCFC6EB07647825","name":"MiniBeacon_00088","major":20001,"minor":88,"txPower":-59,"battery":100,"rssi":-64,"count":12},{"mac":"C202230000D2","uuid":"FDA50693A4E24FB1AFCFC6EB07647825","name":"","major":20001,"minor":210,"txPower":-59,"battery":0,"rssi":-72,"count":7},{"mac":"C202230001C3","uuid":"FDA50693A4E24FB1AFCFC6EB07647825","name":"MiniBeacon_00451","major":20001,"minor":451,"txPower":-59,"battery":100,"rssi":-73,"count":7},{"mac":"C2022300005C","uuid":"FDA50693A4E24FB1AFCFC6EB07647825","name":"","major":20001,"minor":92,"txPower":-59,"battery":0,"rssi":-77,"count":3},{"mac":"C202230000D7","uuid":"FDA50693A4E24FB1AFCFC6EB07647825","name":"","major":20001,"minor":215,"txPower":-59,"battery":0,"rssi":-72,"count":13},{"mac":"C202230001C4","uuid":"FDA50693A4E24FB1AFCFC6EB07647825","name":"","major":20001,"minor":452,"txPower":-59,"battery":0,"rssi":-72,"count":6},{"mac":"C202230000DA","uuid":"FDA50693A4E24FB1AFCFC6EB07647825","name":"","major":20001,"minor":218,"txPower":-59,"battery":0,"rssi":-79,"count":2},{"mac":"C202230001CC","uuid":"FDA50693A4E24FB1AFCFC6EB07647825","name":"","major":20001,"minor":460,"txPower":-59,"battery":0,"rssi":-73,"count":14},{"mac":"C202230000D1","uuid":"FDA50693A4E24FB1AFCFC6EB07647825","name":"","major":20001,"minor":209,"txPower":-59,"battery":0,"rssi":-74,"count":5},{"mac":"C2022300033A","uuid":"FDA50693A4E24FB1AFCFC6EB07647825","name":"","major":20001,"minor":826,"txPower":-59,"battery":0,"rssi":-79,"count":1}]
[2019-07-10T14:22:08.605] [INFO] default - ID:  ac233fc038e8 SIZE:  20 reciveData---> [{"mac":"C202230001CA","uuid":"FDA50693A4E24FB1AFCFC6EB07647825","name":"MiniBeacon_00458","major":20001,"minor":458,"txPower":-59,"battery":100,"rssi":-65,"count":25},{"mac":"C202230001CC","uuid":"FDA50693A4E24FB1AFCFC6EB07647825","name":"","major":20001,"minor":460,"txPower":-59,"battery":0,"rssi":-72,"count":11},{"mac":"C2022300018C","uuid":"FDA50693A4E24FB1AFCFC6EB07647825","name":"MiniBeacon_00396","major":20001,"minor":396,"txPower":-59,"battery":100,"rssi":-64,"count":23},{"mac":"C202230001C3","uuid":"FDA50693A4E24FB1AFCFC6EB07647825","name":"MiniBeacon_00451","major":20001,"minor":451,"txPower":-59,"battery":100,"rssi":-75,"count":8},{"mac":"C2022300033B","uuid":"FDA50693A4E24FB1AFCFC6EB07647825","name":"","major":20001,"minor":827,"txPower":-59,"battery":0,"rssi":-74,"count":9},{"mac":"C2022300017D","uuid":"FDA50693A4E24FB1AFCFC6EB07647825","name":"MiniBeacon_00381","major":20001,"minor":381,"txPower":-59,"battery":100,"rssi":-61,"count":26},{"mac":"C20223000183","uuid":"FDA50693A4E24FB1AFCFC6EB07647825","name":"MiniBeacon_00387","major":20001,"minor":387,"txPower":-59,"battery":100,"rssi":-60,"count":23},{"mac":"C2022300005B","uuid":"FDA50693A4E24FB1AFCFC6EB07647825","name":"MiniBeacon_00091","major":20001,"minor":91,"txPower":-59,"battery":100,"rssi":-67,"count":17},{"mac":"C202230000D1","uuid":"FDA50693A4E24FB1AFCFC6EB07647825","name":"","major":20001,"minor":209,"txPower":-59,"battery":0,"rssi":-72,"count":14},{"mac":"C202230001CB","uuid":"FDA50693A4E24FB1AFCFC6EB07647825","name":"","major":20001,"minor":459,"txPower":-59,"battery":0,"rssi":-77,"count":4},{"mac":"C202230000D2","uuid":"FDA50693A4E24FB1AFCFC6EB07647825","name":"","major":20001,"minor":210,"txPower":-59,"battery":0,"rssi":-74,"count":7},{"mac":"C202230000D7","uuid":"FDA50693A4E24FB1AFCFC6EB07647825","name":"","major":20001,"minor":215,"txPower":-59,"battery":0,"rssi":-73,"count":9},{"mac":"C20223000059","uuid":"FDA50693A4E24FB1AFCFC6EB07647825","name":"MiniBeacon_00089","major":20001,"minor":89,"txPower":-59,"battery":100,"rssi":-63,"count":20},{"mac":"C20223000058","uuid":"FDA50693A4E24FB1AFCFC6EB07647825","name":"MiniBeacon_00088","major":20001,"minor":88,"txPower":-59,"battery":100,"rssi":-66,"count":13},{"mac":"C202230001C4","uuid":"FDA50693A4E24FB1AFCFC6EB07647825","name":"","major":20001,"minor":452,"txPower":-59,"battery":0,"rssi":-72,"count":12},{"mac":"C2022300005C","uuid":"FDA50693A4E24FB1AFCFC6EB07647825","name":"","major":20001,"minor":92,"txPower":-59,"battery":0,"rssi":-78,"count":4},{"mac":"C202230001C8","uuid":"FDA50693A4E24FB1AFCFC6EB07647825","name":"MiniBeacon_00456","major":20001,"minor":456,"txPower":-59,"battery":100,"rssi":-71,"count":9},{"mac":"C2022300033A","uuid":"FDA50693A4E24FB1AFCFC6EB07647825","name":"","major":20001,"minor":826,"txPower":-59,"battery":0,"rssi":-80,"count":1},{"mac":"C202230000CD","uuid":"FDA50693A4E24FB1AFCFC6EB07647825","name":"","major":20001,"minor":205,"txPower":-59,"battery":0,"rssi":-80,"count":1},{"mac":"C202230000DA","uuid":"FDA50693A4E24FB1AFCFC6EB07647825","name":"","major":20001,"minor":218,"txPower":-59,"battery":0,"rssi":-76,"count":1}]
[2019-07-10T14:22:38.606] [INFO] default - ID:  ac233fc038e8 SIZE:  19 reciveData---> [{"mac":"C202230000D1","uuid":"FDA50693A4E24FB1AFCFC6EB07647825","name":"","major":20001,"minor":209,"txPower":-59,"battery":0,"rssi":-73,"count":13},{"mac":"C20223000059","uuid":"FDA50693A4E24FB1AFCFC6EB07647825","name":"MiniBeacon_00089","major":20001,"minor":89,"txPower":-59,"battery":100,"rssi":-64,"count":21},{"mac":"C20223000183","uuid":"FDA50693A4E24FB1AFCFC6EB07647825","name":"MiniBeacon_00387","major":20001,"minor":387,"txPower":-59,"battery":100,"rssi":-60,"count":24},{"mac":"C202230001CC","uuid":"FDA50693A4E24FB1AFCFC6EB07647825","name":"","major":20001,"minor":460,"txPower":-59,"battery":0,"rssi":-74,"count":6},{"mac":"C2022300018C","uuid":"FDA50693A4E24FB1AFCFC6EB07647825","name":"MiniBeacon_00396","major":20001,"minor":396,"txPower":-59,"battery":100,"rssi":-64,"count":22},{"mac":"C2022300033B","uuid":"FDA50693A4E24FB1AFCFC6EB07647825","name":"","major":20001,"minor":827,"txPower":-59,"battery":0,"rssi":-73,"count":9},{"mac":"C202230001C8","uuid":"FDA50693A4E24FB1AFCFC6EB07647825","name":"MiniBeacon_00456","major":20001,"minor":456,"txPower":-59,"battery":100,"rssi":-71,"count":13},{"mac":"C202230001C4","uuid":"FDA50693A4E24FB1AFCFC6EB07647825","name":"","major":20001,"minor":452,"txPower":-59,"battery":0,"rssi":-72,"count":10},{"mac":"C2022300017D","uuid":"FDA50693A4E24FB1AFCFC6EB07647825","name":"MiniBeacon_00381","major":20001,"minor":381,"txPower":-59,"battery":100,"rssi":-62,"count":24},{"mac":"C202230001CA","uuid":"FDA50693A4E24FB1AFCFC6EB07647825","name":"MiniBeacon_00458","major":20001,"minor":458,"txPower":-59,"battery":100,"rssi":-65,"count":22},{"mac":"C20223000058","uuid":"FDA50693A4E24FB1AFCFC6EB07647825","name":"MiniBeacon_00088","major":20001,"minor":88,"txPower":-59,"battery":100,"rssi":-68,"count":23},{"mac":"C2022300005C","uuid":"FDA50693A4E24FB1AFCFC6EB07647825","name":"","major":20001,"minor":92,"txPower":-59,"battery":0,"rssi":-77,"count":2},{"mac":"C202230000D2","uuid":"FDA50693A4E24FB1AFCFC6EB07647825","name":"","major":20001,"minor":210,"txPower":-59,"battery":0,"rssi":-74,"count":7},{"mac":"C2022300005B","uuid":"FDA50693A4E24FB1AFCFC6EB07647825","name":"MiniBeacon_00091","major":20001,"minor":91,"txPower":-59,"battery":100,"rssi":-68,"count":10},{"mac":"C202230000D7","uuid":"FDA50693A4E24FB1AFCFC6EB07647825","name":"","major":20001,"minor":215,"txPower":-59,"battery":0,"rssi":-72,"count":14},{"mac":"C202230001CB","uuid":"FDA50693A4E24FB1AFCFC6EB07647825","name":"","major":20001,"minor":459,"txPower":-59,"battery":0,"rssi":-75,"count":4},{"mac":"C2022300033A","uuid":"FDA50693A4E24FB1AFCFC6EB07647825","name":"","major":20001,"minor":826,"txPower":-59,"battery":0,"rssi":-79,"count":1},{"mac":"C202230000DA","uuid":"FDA50693A4E24FB1AFCFC6EB07647825","name":"","major":20001,"minor":218,"txPower":-59,"battery":0,"rssi":-76,"count":2},{"mac":"C202230001C3","uuid":"FDA50693A4E24FB1AFCFC6EB07647825","name":"MiniBeacon_00451","major":20001,"minor":451,"txPower":-59,"battery":100,"rssi":-73,"count":3}]
[2019-07-10T14:23:08.607] [INFO] default - ID:  ac233fc038e8 SIZE:  18 reciveData---> [{"mac":"C202230001CA","uuid":"FDA50693A4E24FB1AFCFC6EB07647825","name":"MiniBeacon_00458","major":20001,"minor":458,"txPower":-59,"battery":100,"rssi":-65,"count":19},{"mac":"C20223000183","uuid":"FDA50693A4E24FB1AFCFC6EB07647825","name":"MiniBeacon_00387","major":20001,"minor":387,"txPower":-59,"battery":100,"rssi":-61,"count":25},{"mac":"C202230000D1","uuid":"FDA50693A4E24FB1AFCFC6EB07647825","name":"","major":20001,"minor":209,"txPower":-59,"battery":0,"rssi":-74,"count":5},{"mac":"C20223000059","uuid":"FDA50693A4E24FB1AFCFC6EB07647825","name":"MiniBeacon_00089","major":20001,"minor":89,"txPower":-59,"battery":100,"rssi":-64,"count":21},{"mac":"C20223000058","uuid":"FDA50693A4E24FB1AFCFC6EB07647825","name":"MiniBeacon_00088","major":20001,"minor":88,"txPower":-59,"battery":100,"rssi":-66,"count":15},{"mac":"C2022300017D","uuid":"FDA50693A4E24FB1AFCFC6EB07647825","name":"MiniBeacon_00381","major":20001,"minor":381,"txPower":-59,"battery":100,"rssi":-60,"count":25},{"mac":"C202230000D2","uuid":"FDA50693A4E24FB1AFCFC6EB07647825","name":"","major":20001,"minor":210,"txPower":-59,"battery":0,"rssi":-73,"count":8},{"mac":"C202230001C3","uuid":"FDA50693A4E24FB1AFCFC6EB07647825","name":"MiniBeacon_00451","major":20001,"minor":451,"txPower":-59,"battery":100,"rssi":-74,"count":9},{"mac":"C2022300005B","uuid":"FDA50693A4E24FB1AFCFC6EB07647825","name":"MiniBeacon_00091","major":20001,"minor":91,"txPower":-59,"battery":100,"rssi":-69,"count":10},{"mac":"C2022300018C","uuid":"FDA50693A4E24FB1AFCFC6EB07647825","name":"MiniBeacon_00396","major":20001,"minor":396,"txPower":-59,"battery":100,"rssi":-66,"count":22},{"mac":"C202230001C4","uuid":"FDA50693A4E24FB1AFCFC6EB07647825","name":"","major":20001,"minor":452,"txPower":-59,"battery":0,"rssi":-72,"count":13},{"mac":"C202230001C8","uuid":"FDA50693A4E24FB1AFCFC6EB07647825","name":"MiniBeacon_00456","major":20001,"minor":456,"txPower":-59,"battery":100,"rssi":-71,"count":9},{"mac":"C202230001CC","uuid":"FDA50693A4E24FB1AFCFC6EB07647825","name":"","major":20001,"minor":460,"txPower":-59,"battery":0,"rssi":-74,"count":9},{"mac":"C2022300033B","uuid":"FDA50693A4E24FB1AFCFC6EB07647825","name":"","major":20001,"minor":827,"txPower":-59,"battery":0,"rssi":-73,"count":8},{"mac":"C202230000D7","uuid":"FDA50693A4E24FB1AFCFC6EB07647825","name":"","major":20001,"minor":215,"txPower":-59,"battery":0,"rssi":-73,"count":5},{"mac":"C202230001CB","uuid":"FDA50693A4E24FB1AFCFC6EB07647825","name":"","major":20001,"minor":459,"txPower":-59,"battery":0,"rssi":-76,"count":2},{"mac":"C20223000184","uuid":"FDA50693A4E24FB1AFCFC6EB07647825","name":"","major":20001,"minor":388,"txPower":-59,"battery":0,"rssi":-76,"count":4},{"mac":"C202230000DA","uuid":"FDA50693A4E24FB1AFCFC6EB07647825","name":"","major":20001,"minor":218,"txPower":-59,"battery":0,"rssi":-74,"count":1}]
[2019-07-29T14:38:09.163] [TRACE] default - GET /favicon.ico
[2019-07-29T14:39:49.420] [TRACE] default - GET /001.srt
[2019-07-29T14:39:49.581] [TRACE] default - GET /001.ssa
[2019-07-29T14:39:49.744] [TRACE] default - GET /001.ass
[2019-07-29T14:39:49.927] [TRACE] default - GET /001.sub
[2019-07-29T14:39:50.079] [TRACE] default - GET /001.smi
[2019-07-29T14:39:50.245] [TRACE] default - GET /001.txt
[2019-07-29T14:39:50.416] [TRACE] default - GET /001.idx
[2019-07-29T14:39:50.579] [TRACE] default - GET /001.mpl
[2019-07-29T14:39:50.735] [TRACE] default - GET /001.vtt
[2019-07-29T14:39:50.917] [TRACE] default - GET /001.psb
[2019-07-29T14:39:51.090] [TRACE] default - GET /001.sami
[2019-07-29T14:39:51.251] [TRACE] default - GET /001.pjs
[2019-07-29T14:39:51.410] [TRACE] default - GET /001.sup
[2019-07-29T14:41:18.979] [TRACE] default - GET /001.srt
[2019-07-29T14:41:19.164] [TRACE] default - GET /001.ssa
[2019-07-29T14:41:19.339] [TRACE] default - GET /001.ass
[2019-07-29T14:41:19.536] [TRACE] default - GET /001.sub
[2019-07-29T14:41:19.721] [TRACE] default - GET /001.smi
[2019-07-29T14:41:19.900] [TRACE] default - GET /001.txt
[2019-07-29T14:41:20.083] [TRACE] default - GET /001.idx
[2019-07-29T14:41:20.285] [TRACE] default - GET /001.mpl
[2019-07-29T14:41:20.861] [TRACE] default - GET /001.vtt
[2019-07-29T14:41:21.048] [TRACE] default - GET /001.psb
[2019-07-29T14:41:21.246] [TRACE] default - GET /001.sami
[2019-07-29T14:41:21.461] [TRACE] default - GET /001.pjs
[2019-07-29T14:41:21.737] [TRACE] default - GET /001.sup
[2019-07-29T14:43:59.590] [TRACE] default - GET /001.srt
[2019-07-29T14:43:59.777] [TRACE] default - GET /001.ssa
[2019-07-29T14:43:59.959] [TRACE] default - GET /001.ass
[2019-07-29T14:44:00.133] [TRACE] default - GET /001.sub
[2019-07-29T14:44:00.302] [TRACE] default - GET /001.smi
[2019-07-29T14:44:00.463] [TRACE] default - GET /001.txt
[2019-07-29T14:44:00.635] [TRACE] default - GET /001.idx
[2019-07-29T14:44:00.807] [TRACE] default - GET /001.mpl
[2019-07-29T14:44:00.975] [TRACE] default - GET /001.vtt
[2019-07-29T14:44:01.138] [TRACE] default - GET /001.psb
[2019-07-29T14:44:01.306] [TRACE] default - GET /001.sami
[2019-07-29T14:44:01.464] [TRACE] default - GET /001.pjs
[2019-07-29T14:44:01.635] [TRACE] default - GET /001.sup
[2019-07-29T14:46:55.339] [TRACE] default - GET /001.srt
[2019-07-29T14:46:55.494] [TRACE] default - GET /001.ssa
[2019-07-29T14:46:55.671] [TRACE] default - GET /001.ass
[2019-07-29T14:46:55.869] [TRACE] default - GET /001.sub
[2019-07-29T14:46:56.039] [TRACE] default - GET /001.smi
[2019-07-29T14:46:56.198] [TRACE] default - GET /001.txt
[2019-07-29T14:46:56.369] [TRACE] default - GET /001.idx
[2019-07-29T14:46:56.560] [TRACE] default - GET /001.mpl
[2019-07-29T14:46:56.742] [TRACE] default - GET /001.vtt
[2019-07-29T14:46:56.922] [TRACE] default - GET /001.psb
[2019-07-29T14:46:57.118] [TRACE] default - GET /001.sami
[2019-07-29T14:46:57.308] [TRACE] default - GET /001.pjs
[2019-07-29T14:46:57.465] [TRACE] default - GET /001.sup
[2019-07-29T14:47:19.044] [TRACE] default - GET /001.srt
[2019-07-29T14:47:19.202] [TRACE] default - GET /001.ssa
[2019-07-29T14:47:19.371] [TRACE] default - GET /001.ass
[2019-07-29T14:47:19.553] [TRACE] default - GET /001.sub
[2019-07-29T14:47:19.721] [TRACE] default - GET /001.smi
[2019-07-29T14:47:19.897] [TRACE] default - GET /001.txt
[2019-07-29T14:47:20.078] [TRACE] default - GET /001.idx
[2019-07-29T14:47:20.247] [TRACE] default - GET /001.mpl
[2019-07-29T14:47:20.419] [TRACE] default - GET /001.vtt
[2019-07-29T14:47:20.578] [TRACE] default - GET /001.psb
[2019-07-29T14:47:20.737] [TRACE] default - GET /001.sami
[2019-07-29T14:47:20.897] [TRACE] default - GET /001.pjs
[2019-07-29T14:47:21.076] [TRACE] default - GET /001.sup
[2019-07-29T14:49:54.753] [TRACE] default - GET /002.srt
[2019-07-29T14:49:54.859] [TRACE] default - GET /002.ssa
[2019-07-29T14:49:55.057] [TRACE] default - GET /002.ass
[2019-07-29T14:49:55.223] [TRACE] default - GET /002.sub
[2019-07-29T14:49:55.401] [TRACE] default - GET /002.smi
[2019-07-29T14:49:55.585] [TRACE] default - GET /002.txt
[2019-07-29T14:49:55.771] [TRACE] default - GET /002.idx
[2019-07-29T14:49:55.943] [TRACE] default - GET /002.mpl
[2019-07-29T14:49:56.117] [TRACE] default - GET /002.vtt
[2019-07-29T14:49:56.305] [TRACE] default - GET /002.psb
[2019-07-29T14:49:56.490] [TRACE] default - GET /002.sami
[2019-07-29T14:49:56.660] [TRACE] default - GET /002.pjs
[2019-07-29T14:49:56.859] [TRACE] default - GET /002.sup
[2019-07-29T14:51:21.821] [TRACE] default - GET /003.srt
[2019-07-29T14:51:21.993] [TRACE] default - GET /003.ssa
[2019-07-29T14:51:22.171] [TRACE] default - GET /003.ass
[2019-07-29T14:51:22.323] [TRACE] default - GET /003.sub
[2019-07-29T14:51:22.483] [TRACE] default - GET /003.smi
[2019-07-29T14:51:22.651] [TRACE] default - GET /003.txt
[2019-07-29T14:51:22.835] [TRACE] default - GET /003.idx
[2019-07-29T14:51:23.004] [TRACE] default - GET /003.mpl
[2019-07-29T14:51:23.179] [TRACE] default - GET /003.vtt
[2019-07-29T14:51:23.345] [TRACE] default - GET /003.psb
[2019-07-29T14:51:23.530] [TRACE] default - GET /003.sami
[2019-07-29T14:51:23.701] [TRACE] default - GET /003.pjs
[2019-07-29T14:51:23.862] [TRACE] default - GET /003.sup
[2019-07-29T19:36:39.852] [TRACE] default - GET /get/data/bid/1
[2019-07-29T19:37:52.237] [TRACE] default - GET /get
[2019-07-29T19:38:01.845] [TRACE] default - GET /get
[2019-07-29T19:38:56.411] [TRACE] default - GET /get
[2019-07-29T19:39:07.300] [TRACE] default - GET /get/data/bid/1
[2019-07-29T19:51:44.212] [TRACE] default - GET /get/data/bid/1
[2019-07-29T20:20:03.319] [TRACE] default - GET /user/register/phone/13264701227
[2019-07-30T10:31:57.638] [TRACE] default - GET /user/register/phone/13264701227/password/12345678
[2019-07-30T10:33:10.234] [TRACE] default - GET /user/register/phone/13264701227/password/12345678
[2019-07-30T10:33:10.774] [TRACE] default - GET /favicon.ico
[2019-07-30T10:43:59.641] [TRACE] default - GET /user/register/phone/13264701227/password/12345678
[2019-07-30T10:44:10.050] [TRACE] default - GET /user/register/phone/13264701228/password/12345678
[2019-07-30T11:02:52.295] [TRACE] default - GET /user/validate/phone/13264701228
[2019-07-30T11:03:27.580] [TRACE] default - GET /user/validate/phone/13264701229
[2019-07-30T11:07:00.946] [TRACE] default - GET /user/validate/phone/13264701227
[2019-07-30T11:08:45.615] [TRACE] default - GET /user/validate/phone/13264701227
[2019-07-30T11:09:29.698] [TRACE] default - GET /user/validate/phone/17326920427
[2019-07-30T11:11:00.106] [TRACE] default - GET /user/validate/phone/13264701227
[2019-07-30T11:11:48.176] [TRACE] default - GET /user/validate/phone/17720538691
[2019-07-30T11:13:48.354] [TRACE] default - GET /user/validate/phone/17720538691
[2019-07-30T11:24:57.496] [TRACE] default - GET /user/login/phone/13264701227/password/qq123456
[2019-07-30T11:25:04.083] [TRACE] default - GET /user/login/phone/13264701227/password/qq1234567
[2019-07-30T11:25:23.606] [TRACE] default - GET /user/login/phone/1326470122/password/1243124
[2019-07-30T18:02:18.802] [TRACE] default - GET /user/login/phone/1326470122/password/1243124
[2019-07-30T18:02:19.107] [TRACE] default - GET /favicon.ico
[2019-07-30T18:02:34.789] [TRACE] default - GET /user/login/phone/13264701227/password/1243124
[2019-07-30T18:03:14.075] [TRACE] default - GET /user/login/phone/13264701227/password/qq123456
[2019-07-30T18:06:40.074] [TRACE] default - GET /user/login/phone/13264701227/password/qq12345
[2019-07-30T18:07:47.007] [TRACE] default - GET /user/login/phone/1326470122/password/qq12345
[2019-07-30T18:10:09.499] [TRACE] default - GET /user/register/phone/13264701227/password/qq12345
[2019-07-30T18:11:21.299] [TRACE] default - GET /user/register/phone/13264701229/password/qq12345
[2019-07-30T18:12:18.545] [TRACE] default - GET /user/register/phone/13264701228/password/qq12345
[2019-07-30T18:15:56.094] [TRACE] default - GET /user/validate/phone/13264701227
[2019-07-30T18:18:45.215] [TRACE] default - GET /user/validate/phone/17326920427
[2019-07-30T19:11:34.548] [TRACE] default - GET /user/register/phone/13264701227/password/qq123456/mode/1
[2019-07-30T19:11:41.133] [TRACE] default - GET /user/register/phone/13264701227/password/qq123456/mode/2
[2019-07-30T19:13:18.078] [TRACE] default - GET /user/register/phone/13264701227/password/12345678/mode/2
[2019-07-31T15:49:42.415] [TRACE] default - GET /business/generatecode/phone/13264701227/mode/1
[2019-07-31T15:49:43.362] [TRACE] default - GET /favicon.ico
[2019-07-31T15:51:35.681] [TRACE] default - GET /business/generatecode/phone/13264701227/mode/1
[2019-07-31T15:55:42.201] [TRACE] default - POST /business/generatecode/
[2019-07-31T15:55:49.724] [TRACE] default - POST /business/generatecode/phone/13264701227/mode/1
[2019-07-31T15:55:55.823] [TRACE] default - GET /business/generatecode/phone/13264701227/mode/1
[2019-07-31T15:58:11.898] [TRACE] default - GET /business/generatecode/phone/13264701227/mode/1
[2019-07-31T16:02:25.841] [TRACE] default - POST /business/generatecode?phone=13264701227&mode=1
[2019-07-31T16:03:00.864] [TRACE] default - POST /business/generatecode?phone=13264701227&mode=1
[2019-07-31T16:04:09.566] [TRACE] default - POST /business/generatecode?phone=13264701227&mode=1
[2019-07-31T16:05:16.738] [TRACE] default - POST /business/generatecode?phone=13264701227&mode=1
[2019-07-31T16:05:38.615] [TRACE] default - POST /business/generatecode?phone=13264701227&mode=1
[2019-07-31T16:05:53.815] [TRACE] default - POST /business/generatecode?phone=13264701227&mode=1
[2019-07-31T16:08:01.635] [TRACE] default - POST /business/generatecode?phone=13264701227&mode=1
[2019-07-31T16:11:18.731] [TRACE] default - POST /business/generatecode?phone=13264701227&mode=1
[2019-07-31T16:11:23.909] [TRACE] default - POST /business/generatecode?phone=13264701227&mode=1
[2019-07-31T16:11:37.051] [TRACE] default - POST /business/generatecode?phone=13264701228&mode=1
[2019-07-31T16:11:38.675] [TRACE] default - POST /business/generatecode?phone=13264701228&mode=1
[2019-07-31T16:39:05.930] [TRACE] default - POST /business/generatecode?phone=13264701228&mode=1
[2019-07-31T16:39:41.546] [TRACE] default - POST /business/generatecode?phone=13264701228&mode=1
[2019-07-31T16:43:54.795] [TRACE] default - POST /business/generatecode?phone=13264701228&mode=1
[2019-07-31T16:44:28.045] [TRACE] default - POST /business/generatecode?phone=13264701229&mode=1
[2019-07-31T16:46:32.570] [TRACE] default - POST /business/generatecode?phone=13264701229&mode=1
[2019-07-31T16:50:17.294] [TRACE] default - POST /business/generatecode?phone=13264701229&mode=1
[2019-07-31T16:50:24.145] [TRACE] default - POST /business/generatecode?phone=13264701229&mode=1
[2019-07-31T18:40:11.839] [TRACE] default - GET /favicon.ico
[2019-07-31T18:40:49.436] [TRACE] default - GET /user/login/phone/12345678901/password/12345678
[2019-07-31T18:42:12.919] [TRACE] default - GET /user/login/phone
